<?xml version="1.0" encoding="UTF-8"?>
<testsuites name="jest tests" tests="1091" failures="0" time="30.305">
  <testsuite name="posts" errors="0" failures="0" skipped="0" timestamp="2019-06-30T09:59:22" time="2.708" tests="210">
    <testcase classname="posts received a single post (RECEIVED_POST) should add a new post" name="posts received a single post (RECEIVED_POST) should add a new post" time="0.003">
    </testcase>
    <testcase classname="posts received a single post (RECEIVED_POST) should add a new pending post" name="posts received a single post (RECEIVED_POST) should add a new pending post" time="0.001">
    </testcase>
    <testcase classname="posts received a single post (RECEIVED_POST) should update an existing post" name="posts received a single post (RECEIVED_POST) should update an existing post" time="0.001">
    </testcase>
    <testcase classname="posts received a single post (RECEIVED_POST) should remove any pending posts when receiving the actual post" name="posts received a single post (RECEIVED_POST) should remove any pending posts when receiving the actual post" time="0.001">
    </testcase>
    <testcase classname="posts received a single post (RECEIVED_NEW_POST) should add a new post" name="posts received a single post (RECEIVED_NEW_POST) should add a new post" time="0.001">
    </testcase>
    <testcase classname="posts received a single post (RECEIVED_NEW_POST) should add a new pending post" name="posts received a single post (RECEIVED_NEW_POST) should add a new pending post" time="0.001">
    </testcase>
    <testcase classname="posts received a single post (RECEIVED_NEW_POST) should update an existing post" name="posts received a single post (RECEIVED_NEW_POST) should update an existing post" time="0">
    </testcase>
    <testcase classname="posts received a single post (RECEIVED_NEW_POST) should remove any pending posts when receiving the actual post" name="posts received a single post (RECEIVED_NEW_POST) should remove any pending posts when receiving the actual post" time="0.002">
    </testcase>
    <testcase classname="posts received multiple posts should do nothing when post list is empty" name="posts received multiple posts should do nothing when post list is empty" time="0.001">
    </testcase>
    <testcase classname="posts received multiple posts should add new posts" name="posts received multiple posts should add new posts" time="0.001">
    </testcase>
    <testcase classname="posts received multiple posts should update existing posts unless we have a more recent version" name="posts received multiple posts should update existing posts unless we have a more recent version" time="0.001">
    </testcase>
    <testcase classname="posts received multiple posts should set state for deleted posts" name="posts received multiple posts should set state for deleted posts" time="0.001">
    </testcase>
    <testcase classname="posts received multiple posts should remove any pending posts when receiving the actual post" name="posts received multiple posts should remove any pending posts when receiving the actual post" time="0">
    </testcase>
    <testcase classname="posts received multiple posts should not add channelId entity to postsInChannel if there were no posts in channel and it has receivedNewPosts on action" name="posts received multiple posts should not add channelId entity to postsInChannel if there were no posts in channel and it has receivedNewPosts on action" time="0.001">
    </testcase>
    <testcase classname="posts deleting a post (POST_DELETED) should mark the post as deleted and remove the rest of the thread" name="posts deleting a post (POST_DELETED) should mark the post as deleted and remove the rest of the thread" time="0.001">
    </testcase>
    <testcase classname="posts deleting a post (POST_DELETED) should not remove the rest of the thread when deleting a comment" name="posts deleting a post (POST_DELETED) should not remove the rest of the thread when deleting a comment" time="0.001">
    </testcase>
    <testcase classname="posts deleting a post (POST_DELETED) should do nothing if the post is not loaded" name="posts deleting a post (POST_DELETED) should do nothing if the post is not loaded" time="0">
    </testcase>
    <testcase classname="posts removing a post (POST_REMOVED) should remove the post and the rest and the rest of the thread" name="posts removing a post (POST_REMOVED) should remove the post and the rest and the rest of the thread" time="0.001">
    </testcase>
    <testcase classname="posts removing a post (POST_REMOVED) should not remove the rest of the thread when removing a comment" name="posts removing a post (POST_REMOVED) should not remove the rest of the thread when removing a comment" time="0.001">
    </testcase>
    <testcase classname="posts removing a post (POST_REMOVED) should do nothing if the post is not loaded" name="posts removing a post (POST_REMOVED) should do nothing if the post is not loaded" time="0">
    </testcase>
    <testcase classname="posts when a channel is deleted (RECEIVED_CHANNEL_DELETED) should remove any posts in that channel" name="posts when a channel is deleted (RECEIVED_CHANNEL_DELETED) should remove any posts in that channel" time="0.001">
    </testcase>
    <testcase classname="posts when a channel is deleted (RECEIVED_CHANNEL_DELETED) should do nothing if no posts in that channel are loaded" name="posts when a channel is deleted (RECEIVED_CHANNEL_DELETED) should do nothing if no posts in that channel are loaded" time="0.001">
    </testcase>
    <testcase classname="posts when a channel is deleted (RECEIVED_CHANNEL_DELETED) should not remove any posts with viewArchivedChannels enabled" name="posts when a channel is deleted (RECEIVED_CHANNEL_DELETED) should not remove any posts with viewArchivedChannels enabled" time="0">
    </testcase>
    <testcase classname="posts when a channel is deleted (DELETE_CHANNEL_SUCCESS) should remove any posts in that channel" name="posts when a channel is deleted (DELETE_CHANNEL_SUCCESS) should remove any posts in that channel" time="0.001">
    </testcase>
    <testcase classname="posts when a channel is deleted (DELETE_CHANNEL_SUCCESS) should do nothing if no posts in that channel are loaded" name="posts when a channel is deleted (DELETE_CHANNEL_SUCCESS) should do nothing if no posts in that channel are loaded" time="0">
    </testcase>
    <testcase classname="posts when a channel is deleted (DELETE_CHANNEL_SUCCESS) should not remove any posts with viewArchivedChannels enabled" name="posts when a channel is deleted (DELETE_CHANNEL_SUCCESS) should not remove any posts with viewArchivedChannels enabled" time="0.001">
    </testcase>
    <testcase classname="posts when a channel is deleted (LEAVE_CHANNEL) should remove any posts in that channel" name="posts when a channel is deleted (LEAVE_CHANNEL) should remove any posts in that channel" time="0.001">
    </testcase>
    <testcase classname="posts when a channel is deleted (LEAVE_CHANNEL) should do nothing if no posts in that channel are loaded" name="posts when a channel is deleted (LEAVE_CHANNEL) should do nothing if no posts in that channel are loaded" time="0">
    </testcase>
    <testcase classname="posts when a channel is deleted (LEAVE_CHANNEL) should not remove any posts with viewArchivedChannels enabled" name="posts when a channel is deleted (LEAVE_CHANNEL) should not remove any posts with viewArchivedChannels enabled" time="0.001">
    </testcase>
    <testcase classname="pendingPostIds making a new pending post should add new entries for pending posts" name="pendingPostIds making a new pending post should add new entries for pending posts" time="0.001">
    </testcase>
    <testcase classname="pendingPostIds making a new pending post should not add duplicate entries" name="pendingPostIds making a new pending post should not add duplicate entries" time="0">
    </testcase>
    <testcase classname="pendingPostIds making a new pending post should do nothing for regular posts" name="pendingPostIds making a new pending post should do nothing for regular posts" time="0">
    </testcase>
    <testcase classname="pendingPostIds removing a pending post should remove an entry when its post is deleted" name="pendingPostIds removing a pending post should remove an entry when its post is deleted" time="0.001">
    </testcase>
    <testcase classname="pendingPostIds removing a pending post should do nothing without an entry for the post" name="pendingPostIds removing a pending post should do nothing without an entry for the post" time="0">
    </testcase>
    <testcase classname="pendingPostIds marking a pending post as completed should remove an entry when its post is successfully created" name="pendingPostIds marking a pending post as completed should remove an entry when its post is successfully created" time="0.001">
    </testcase>
    <testcase classname="pendingPostIds marking a pending post as completed should do nothing without an entry for the post" name="pendingPostIds marking a pending post as completed should do nothing without an entry for the post" time="0">
    </testcase>
    <testcase classname="pendingPostIds marking a pending post as completed should do nothing when receiving a non-pending post" name="pendingPostIds marking a pending post as completed should do nothing when receiving a non-pending post" time="0.001">
    </testcase>
    <testcase classname="postsInChannel receiving a new post should do nothing without posts loaded for the channel" name="postsInChannel receiving a new post should do nothing without posts loaded for the channel" time="0.001">
    </testcase>
    <testcase classname="postsInChannel receiving a new post should store the new post when the channel is empty" name="postsInChannel receiving a new post should store the new post when the channel is empty" time="0.001">
    </testcase>
    <testcase classname="postsInChannel receiving a new post should store the new post when the channel has recent posts" name="postsInChannel receiving a new post should store the new post when the channel has recent posts" time="0.001">
    </testcase>
    <testcase classname="postsInChannel receiving a new post should not store the new post when the channel only has older posts" name="postsInChannel receiving a new post should not store the new post when the channel only has older posts" time="0.001">
    </testcase>
    <testcase classname="postsInChannel receiving a new post should do nothing for a duplicate post" name="postsInChannel receiving a new post should do nothing for a duplicate post" time="0.001">
    </testcase>
    <testcase classname="postsInChannel receiving a new post should remove a previously pending post" name="postsInChannel receiving a new post should remove a previously pending post" time="0">
    </testcase>
    <testcase classname="postsInChannel receiving a new post should just add the new post if the pending post was already removed" name="postsInChannel receiving a new post should just add the new post if the pending post was already removed" time="0.001">
    </testcase>
    <testcase classname="postsInChannel receiving a new post should not include a previously removed post" name="postsInChannel receiving a new post should not include a previously removed post" time="0.001">
    </testcase>
    <testcase classname="postsInChannel receiving a single post should replace a previously pending post" name="postsInChannel receiving a single post should replace a previously pending post" time="0">
    </testcase>
    <testcase classname="postsInChannel receiving a single post should do nothing for a pending post that was already removed" name="postsInChannel receiving a single post should do nothing for a pending post that was already removed" time="0.001">
    </testcase>
    <testcase classname="postsInChannel receiving a single post should do nothing for a post that was not previously pending" name="postsInChannel receiving a single post should do nothing for a post that was not previously pending" time="0">
    </testcase>
    <testcase classname="postsInChannel receiving a single post should do nothing for a post without posts loaded for the channel" name="postsInChannel receiving a single post should do nothing for a post without posts loaded for the channel" time="0.001">
    </testcase>
    <testcase classname="postsInChannel receiving consecutive recent posts in the channel should save posts in the correct order" name="postsInChannel receiving consecutive recent posts in the channel should save posts in the correct order" time="0.001">
    </testcase>
    <testcase classname="postsInChannel receiving consecutive recent posts in the channel should not save duplicate posts" name="postsInChannel receiving consecutive recent posts in the channel should not save duplicate posts" time="0">
    </testcase>
    <testcase classname="postsInChannel receiving consecutive recent posts in the channel should do nothing when receiving no posts for loaded channel" name="postsInChannel receiving consecutive recent posts in the channel should do nothing when receiving no posts for loaded channel" time="0.001">
    </testcase>
    <testcase classname="postsInChannel receiving consecutive recent posts in the channel should make entry for channel with no posts" name="postsInChannel receiving consecutive recent posts in the channel should make entry for channel with no posts" time="0">
    </testcase>
    <testcase classname="postsInChannel receiving consecutive recent posts in the channel should not save posts that are not in data.order" name="postsInChannel receiving consecutive recent posts in the channel should not save posts that are not in data.order" time="0">
    </testcase>
    <testcase classname="postsInChannel receiving consecutive recent posts in the channel should not save posts in an older block, even if they may be adjacent" name="postsInChannel receiving consecutive recent posts in the channel should not save posts in an older block, even if they may be adjacent" time="0.001">
    </testcase>
    <testcase classname="postsInChannel receiving consecutive recent posts in the channel should not save posts in the recent block even if new posts may be adjacent" name="postsInChannel receiving consecutive recent posts in the channel should not save posts in the recent block even if new posts may be adjacent" time="0.001">
    </testcase>
    <testcase classname="postsInChannel receiving consecutive recent posts in the channel should add posts to non-recent block if there is overlap" name="postsInChannel receiving consecutive recent posts in the channel should add posts to non-recent block if there is overlap" time="0.001">
    </testcase>
    <testcase classname="postsInChannel receiving consecutive posts in the channel that are not recent should save posts in the correct order" name="postsInChannel receiving consecutive posts in the channel that are not recent should save posts in the correct order" time="0">
    </testcase>
    <testcase classname="postsInChannel receiving consecutive posts in the channel that are not recent should not save duplicate posts" name="postsInChannel receiving consecutive posts in the channel that are not recent should not save duplicate posts" time="0.001">
    </testcase>
    <testcase classname="postsInChannel receiving consecutive posts in the channel that are not recent should do nothing when receiving no posts for loaded channel" name="postsInChannel receiving consecutive posts in the channel that are not recent should do nothing when receiving no posts for loaded channel" time="0.001">
    </testcase>
    <testcase classname="postsInChannel receiving consecutive posts in the channel that are not recent should make entry for channel with no posts" name="postsInChannel receiving consecutive posts in the channel that are not recent should make entry for channel with no posts" time="0">
    </testcase>
    <testcase classname="postsInChannel receiving consecutive posts in the channel that are not recent should not save posts that are not in data.order" name="postsInChannel receiving consecutive posts in the channel that are not recent should not save posts that are not in data.order" time="0">
    </testcase>
    <testcase classname="postsInChannel receiving consecutive posts in the channel that are not recent should not save posts in another block without overlap" name="postsInChannel receiving consecutive posts in the channel that are not recent should not save posts in another block without overlap" time="0.001">
    </testcase>
    <testcase classname="postsInChannel receiving consecutive posts in the channel that are not recent should add posts to recent block if there is overlap" name="postsInChannel receiving consecutive posts in the channel that are not recent should add posts to recent block if there is overlap" time="0">
    </testcase>
    <testcase classname="postsInChannel receiving posts since should save posts in the channel in the correct order" name="postsInChannel receiving posts since should save posts in the channel in the correct order" time="0.001">
    </testcase>
    <testcase classname="postsInChannel receiving posts since should not save older posts" name="postsInChannel receiving posts since should not save older posts" time="0.001">
    </testcase>
    <testcase classname="postsInChannel receiving posts since should save any posts in between" name="postsInChannel receiving posts since should save any posts in between" time="0">
    </testcase>
    <testcase classname="postsInChannel receiving posts since should do nothing if only receiving updated posts" name="postsInChannel receiving posts since should do nothing if only receiving updated posts" time="0.001">
    </testcase>
    <testcase classname="postsInChannel receiving posts since should not save duplicate posts" name="postsInChannel receiving posts since should not save duplicate posts" time="0">
    </testcase>
    <testcase classname="postsInChannel receiving posts since should do nothing when receiving no posts for loaded channel" name="postsInChannel receiving posts since should do nothing when receiving no posts for loaded channel" time="0.001">
    </testcase>
    <testcase classname="postsInChannel receiving posts since should do nothing for channel with no posts" name="postsInChannel receiving posts since should do nothing for channel with no posts" time="0.001">
    </testcase>
    <testcase classname="postsInChannel receiving posts since should not save posts that are not in data.order" name="postsInChannel receiving posts since should not save posts that are not in data.order" time="0">
    </testcase>
    <testcase classname="postsInChannel receiving posts since should not save posts in an older block" name="postsInChannel receiving posts since should not save posts in an older block" time="0.001">
    </testcase>
    <testcase classname="postsInChannel receiving posts since should always save posts in the recent block" name="postsInChannel receiving posts since should always save posts in the recent block" time="0">
    </testcase>
    <testcase classname="postsInChannel receiving posts after should save posts when channel is not loaded" name="postsInChannel receiving posts after should save posts when channel is not loaded" time="0.001">
    </testcase>
    <testcase classname="postsInChannel receiving posts after should save posts when channel is empty" name="postsInChannel receiving posts after should save posts when channel is empty" time="0">
    </testcase>
    <testcase classname="postsInChannel receiving posts after should add posts to existing block" name="postsInChannel receiving posts after should add posts to existing block" time="0.001">
    </testcase>
    <testcase classname="postsInChannel receiving posts after should merge adjacent posts if we have newer posts" name="postsInChannel receiving posts after should merge adjacent posts if we have newer posts" time="0.001">
    </testcase>
    <testcase classname="postsInChannel receiving posts after should do nothing when no posts are received" name="postsInChannel receiving posts after should do nothing when no posts are received" time="0.001">
    </testcase>
    <testcase classname="postsInChannel receiving posts before should save posts when channel is not loaded" name="postsInChannel receiving posts before should save posts when channel is not loaded" time="0.001">
    </testcase>
    <testcase classname="postsInChannel receiving posts before should save posts when channel is empty" name="postsInChannel receiving posts before should save posts when channel is empty" time="0.001">
    </testcase>
    <testcase classname="postsInChannel receiving posts before should add posts to existing block" name="postsInChannel receiving posts before should add posts to existing block" time="0">
    </testcase>
    <testcase classname="postsInChannel receiving posts before should merge adjacent posts if we have newer posts" name="postsInChannel receiving posts before should merge adjacent posts if we have newer posts" time="0.001">
    </testcase>
    <testcase classname="postsInChannel receiving posts before should do nothing when no posts are received" name="postsInChannel receiving posts before should do nothing when no posts are received" time="0.001">
    </testcase>
    <testcase classname="postsInChannel deleting a post should do nothing when deleting a post without comments" name="postsInChannel deleting a post should do nothing when deleting a post without comments" time="0.001">
    </testcase>
    <testcase classname="postsInChannel deleting a post should remove comments on the post when deleting a post with comments" name="postsInChannel deleting a post should remove comments on the post when deleting a post with comments" time="0.001">
    </testcase>
    <testcase classname="postsInChannel deleting a post should remove comments from multiple blocks" name="postsInChannel deleting a post should remove comments from multiple blocks" time="0.001">
    </testcase>
    <testcase classname="postsInChannel deleting a post should do nothing to blocks without comments" name="postsInChannel deleting a post should do nothing to blocks without comments" time="0">
    </testcase>
    <testcase classname="postsInChannel deleting a post should do nothing when deleting a comment" name="postsInChannel deleting a post should do nothing when deleting a comment" time="0.001">
    </testcase>
    <testcase classname="postsInChannel deleting a post should do nothing if the post has not been loaded" name="postsInChannel deleting a post should do nothing if the post has not been loaded" time="0">
    </testcase>
    <testcase classname="postsInChannel deleting a post should do nothing if no posts in the channel have been loaded" name="postsInChannel deleting a post should do nothing if no posts in the channel have been loaded" time="0.001">
    </testcase>
    <testcase classname="postsInChannel deleting a post should remove empty blocks" name="postsInChannel deleting a post should remove empty blocks" time="0">
    </testcase>
    <testcase classname="postsInChannel removing a post should remove the post" name="postsInChannel removing a post should remove the post" time="0.001">
    </testcase>
    <testcase classname="postsInChannel removing a post should remove comments on the post" name="postsInChannel removing a post should remove comments on the post" time="0.001">
    </testcase>
    <testcase classname="postsInChannel removing a post should remove a comment without removing the root post" name="postsInChannel removing a post should remove a comment without removing the root post" time="0">
    </testcase>
    <testcase classname="postsInChannel removing a post should do nothing if the post has not been loaded" name="postsInChannel removing a post should do nothing if the post has not been loaded" time="0.001">
    </testcase>
    <testcase classname="postsInChannel removing a post should do nothing if no posts in the channel have been loaded" name="postsInChannel removing a post should do nothing if no posts in the channel have been loaded" time="0">
    </testcase>
    <testcase classname="postsInChannel removing a post should remove empty blocks" name="postsInChannel removing a post should remove empty blocks" time="0.001">
    </testcase>
    <testcase classname="postsInChannel when a channel is deleted (RECEIVED_CHANNEL_DELETED) should remove any posts in that channel" name="postsInChannel when a channel is deleted (RECEIVED_CHANNEL_DELETED) should remove any posts in that channel" time="0">
    </testcase>
    <testcase classname="postsInChannel when a channel is deleted (RECEIVED_CHANNEL_DELETED) should do nothing if no posts in that channel are loaded" name="postsInChannel when a channel is deleted (RECEIVED_CHANNEL_DELETED) should do nothing if no posts in that channel are loaded" time="0">
    </testcase>
    <testcase classname="postsInChannel when a channel is deleted (RECEIVED_CHANNEL_DELETED) should not remove any posts with viewArchivedChannels enabled" name="postsInChannel when a channel is deleted (RECEIVED_CHANNEL_DELETED) should not remove any posts with viewArchivedChannels enabled" time="0.001">
    </testcase>
    <testcase classname="postsInChannel when a channel is deleted (DELETE_CHANNEL_SUCCESS) should remove any posts in that channel" name="postsInChannel when a channel is deleted (DELETE_CHANNEL_SUCCESS) should remove any posts in that channel" time="0.001">
    </testcase>
    <testcase classname="postsInChannel when a channel is deleted (DELETE_CHANNEL_SUCCESS) should do nothing if no posts in that channel are loaded" name="postsInChannel when a channel is deleted (DELETE_CHANNEL_SUCCESS) should do nothing if no posts in that channel are loaded" time="0">
    </testcase>
    <testcase classname="postsInChannel when a channel is deleted (DELETE_CHANNEL_SUCCESS) should not remove any posts with viewArchivedChannels enabled" name="postsInChannel when a channel is deleted (DELETE_CHANNEL_SUCCESS) should not remove any posts with viewArchivedChannels enabled" time="0.001">
    </testcase>
    <testcase classname="postsInChannel when a channel is deleted (LEAVE_CHANNEL) should remove any posts in that channel" name="postsInChannel when a channel is deleted (LEAVE_CHANNEL) should remove any posts in that channel" time="0.001">
    </testcase>
    <testcase classname="postsInChannel when a channel is deleted (LEAVE_CHANNEL) should do nothing if no posts in that channel are loaded" name="postsInChannel when a channel is deleted (LEAVE_CHANNEL) should do nothing if no posts in that channel are loaded" time="0">
    </testcase>
    <testcase classname="postsInChannel when a channel is deleted (LEAVE_CHANNEL) should not remove any posts with viewArchivedChannels enabled" name="postsInChannel when a channel is deleted (LEAVE_CHANNEL) should not remove any posts with viewArchivedChannels enabled" time="0.001">
    </testcase>
    <testcase classname="mergePostBlocks should do nothing with no blocks" name="mergePostBlocks should do nothing with no blocks" time="0.001">
    </testcase>
    <testcase classname="mergePostBlocks should do nothing with only one block" name="mergePostBlocks should do nothing with only one block" time="0">
    </testcase>
    <testcase classname="mergePostBlocks should do nothing with two separate blocks" name="mergePostBlocks should do nothing with two separate blocks" time="0">
    </testcase>
    <testcase classname="mergePostBlocks should merge two blocks containing exactly the same posts" name="mergePostBlocks should merge two blocks containing exactly the same posts" time="0.001">
    </testcase>
    <testcase classname="mergePostBlocks should merge two blocks containing overlapping posts" name="mergePostBlocks should merge two blocks containing overlapping posts" time="0.001">
    </testcase>
    <testcase classname="mergePostBlocks should merge more than two blocks containing overlapping posts" name="mergePostBlocks should merge more than two blocks containing overlapping posts" time="0.001">
    </testcase>
    <testcase classname="mergePostBlocks should not affect blocks that are not merged" name="mergePostBlocks should not affect blocks that are not merged" time="0">
    </testcase>
    <testcase classname="mergePostBlocks should keep merged blocks marked as recent" name="mergePostBlocks should keep merged blocks marked as recent" time="0.002">
    </testcase>
    <testcase classname="mergePostBlocks should remove empty blocks" name="mergePostBlocks should remove empty blocks" time="0">
    </testcase>
    <testcase classname="mergePostOrder empty arrays" name="mergePostOrder empty arrays" time="0.001">
    </testcase>
    <testcase classname="mergePostOrder empty left array" name="mergePostOrder empty left array" time="0.001">
    </testcase>
    <testcase classname="mergePostOrder empty right array" name="mergePostOrder empty right array" time="0">
    </testcase>
    <testcase classname="mergePostOrder distinct arrays" name="mergePostOrder distinct arrays" time="0.001">
    </testcase>
    <testcase classname="mergePostOrder overlapping arrays" name="mergePostOrder overlapping arrays" time="0">
    </testcase>
    <testcase classname="mergePostOrder left array is start of right array" name="mergePostOrder left array is start of right array" time="0.001">
    </testcase>
    <testcase classname="mergePostOrder right array is end of left array" name="mergePostOrder right array is end of left array" time="0">
    </testcase>
    <testcase classname="mergePostOrder left array contains right array" name="mergePostOrder left array contains right array" time="0.001">
    </testcase>
    <testcase classname="mergePostOrder items in second array missing from first" name="mergePostOrder items in second array missing from first" time="0">
    </testcase>
    <testcase classname="postsInThread receiving a single post (RECEIVED_POST) should replace a previously pending comment" name="postsInThread receiving a single post (RECEIVED_POST) should replace a previously pending comment" time="0">
    </testcase>
    <testcase classname="postsInThread receiving a single post (RECEIVED_POST) should do nothing for a pending comment that was already removed" name="postsInThread receiving a single post (RECEIVED_POST) should do nothing for a pending comment that was already removed" time="0.001">
    </testcase>
    <testcase classname="postsInThread receiving a single post (RECEIVED_POST) should store a comment that was not previously pending" name="postsInThread receiving a single post (RECEIVED_POST) should store a comment that was not previously pending" time="0">
    </testcase>
    <testcase classname="postsInThread receiving a single post (RECEIVED_POST) should store a comment without other comments loaded for the thread" name="postsInThread receiving a single post (RECEIVED_POST) should store a comment without other comments loaded for the thread" time="0.001">
    </testcase>
    <testcase classname="postsInThread receiving a single post (RECEIVED_POST) should do nothing for a non-comment post" name="postsInThread receiving a single post (RECEIVED_POST) should do nothing for a non-comment post" time="0.001">
    </testcase>
    <testcase classname="postsInThread receiving a single post (RECEIVED_POST) should do nothing for a duplicate post" name="postsInThread receiving a single post (RECEIVED_POST) should do nothing for a duplicate post" time="0">
    </testcase>
    <testcase classname="postsInThread receiving a single post (RECEIVED_NEW_POST) should replace a previously pending comment" name="postsInThread receiving a single post (RECEIVED_NEW_POST) should replace a previously pending comment" time="0.001">
    </testcase>
    <testcase classname="postsInThread receiving a single post (RECEIVED_NEW_POST) should do nothing for a pending comment that was already removed" name="postsInThread receiving a single post (RECEIVED_NEW_POST) should do nothing for a pending comment that was already removed" time="0">
    </testcase>
    <testcase classname="postsInThread receiving a single post (RECEIVED_NEW_POST) should store a comment that was not previously pending" name="postsInThread receiving a single post (RECEIVED_NEW_POST) should store a comment that was not previously pending" time="0.001">
    </testcase>
    <testcase classname="postsInThread receiving a single post (RECEIVED_NEW_POST) should store a comment without other comments loaded for the thread" name="postsInThread receiving a single post (RECEIVED_NEW_POST) should store a comment without other comments loaded for the thread" time="0">
    </testcase>
    <testcase classname="postsInThread receiving a single post (RECEIVED_NEW_POST) should do nothing for a non-comment post" name="postsInThread receiving a single post (RECEIVED_NEW_POST) should do nothing for a non-comment post" time="0.001">
    </testcase>
    <testcase classname="postsInThread receiving a single post (RECEIVED_NEW_POST) should do nothing for a duplicate post" name="postsInThread receiving a single post (RECEIVED_NEW_POST) should do nothing for a duplicate post" time="0">
    </testcase>
    <testcase classname="postsInThread receiving posts in the channel (RECEIVED_POSTS_AFTER) should save comments without in the correct threads without sorting" name="postsInThread receiving posts in the channel (RECEIVED_POSTS_AFTER) should save comments without in the correct threads without sorting" time="0.001">
    </testcase>
    <testcase classname="postsInThread receiving posts in the channel (RECEIVED_POSTS_AFTER) should not save not-comment posts" name="postsInThread receiving posts in the channel (RECEIVED_POSTS_AFTER) should not save not-comment posts" time="0">
    </testcase>
    <testcase classname="postsInThread receiving posts in the channel (RECEIVED_POSTS_AFTER) should not save duplicate posts" name="postsInThread receiving posts in the channel (RECEIVED_POSTS_AFTER) should not save duplicate posts" time="0">
    </testcase>
    <testcase classname="postsInThread receiving posts in the channel (RECEIVED_POSTS_AFTER) should do nothing when receiving no posts" name="postsInThread receiving posts in the channel (RECEIVED_POSTS_AFTER) should do nothing when receiving no posts" time="0.001">
    </testcase>
    <testcase classname="postsInThread receiving posts in the channel (RECEIVED_POSTS_AFTER) should do nothing when receiving no comments" name="postsInThread receiving posts in the channel (RECEIVED_POSTS_AFTER) should do nothing when receiving no comments" time="0">
    </testcase>
    <testcase classname="postsInThread receiving posts in the channel (RECEIVED_POSTS_BEFORE) should save comments without in the correct threads without sorting" name="postsInThread receiving posts in the channel (RECEIVED_POSTS_BEFORE) should save comments without in the correct threads without sorting" time="0.001">
    </testcase>
    <testcase classname="postsInThread receiving posts in the channel (RECEIVED_POSTS_BEFORE) should not save not-comment posts" name="postsInThread receiving posts in the channel (RECEIVED_POSTS_BEFORE) should not save not-comment posts" time="0">
    </testcase>
    <testcase classname="postsInThread receiving posts in the channel (RECEIVED_POSTS_BEFORE) should not save duplicate posts" name="postsInThread receiving posts in the channel (RECEIVED_POSTS_BEFORE) should not save duplicate posts" time="0.001">
    </testcase>
    <testcase classname="postsInThread receiving posts in the channel (RECEIVED_POSTS_BEFORE) should do nothing when receiving no posts" name="postsInThread receiving posts in the channel (RECEIVED_POSTS_BEFORE) should do nothing when receiving no posts" time="0">
    </testcase>
    <testcase classname="postsInThread receiving posts in the channel (RECEIVED_POSTS_BEFORE) should do nothing when receiving no comments" name="postsInThread receiving posts in the channel (RECEIVED_POSTS_BEFORE) should do nothing when receiving no comments" time="0.001">
    </testcase>
    <testcase classname="postsInThread receiving posts in the channel (RECEIVED_POSTS_IN_CHANNEL) should save comments without in the correct threads without sorting" name="postsInThread receiving posts in the channel (RECEIVED_POSTS_IN_CHANNEL) should save comments without in the correct threads without sorting" time="0">
    </testcase>
    <testcase classname="postsInThread receiving posts in the channel (RECEIVED_POSTS_IN_CHANNEL) should not save not-comment posts" name="postsInThread receiving posts in the channel (RECEIVED_POSTS_IN_CHANNEL) should not save not-comment posts" time="0.001">
    </testcase>
    <testcase classname="postsInThread receiving posts in the channel (RECEIVED_POSTS_IN_CHANNEL) should not save duplicate posts" name="postsInThread receiving posts in the channel (RECEIVED_POSTS_IN_CHANNEL) should not save duplicate posts" time="0">
    </testcase>
    <testcase classname="postsInThread receiving posts in the channel (RECEIVED_POSTS_IN_CHANNEL) should do nothing when receiving no posts" name="postsInThread receiving posts in the channel (RECEIVED_POSTS_IN_CHANNEL) should do nothing when receiving no posts" time="0.002">
    </testcase>
    <testcase classname="postsInThread receiving posts in the channel (RECEIVED_POSTS_IN_CHANNEL) should do nothing when receiving no comments" name="postsInThread receiving posts in the channel (RECEIVED_POSTS_IN_CHANNEL) should do nothing when receiving no comments" time="0">
    </testcase>
    <testcase classname="postsInThread receiving posts in the channel (RECEIVED_POSTS_SINCE) should save comments without in the correct threads without sorting" name="postsInThread receiving posts in the channel (RECEIVED_POSTS_SINCE) should save comments without in the correct threads without sorting" time="0.001">
    </testcase>
    <testcase classname="postsInThread receiving posts in the channel (RECEIVED_POSTS_SINCE) should not save not-comment posts" name="postsInThread receiving posts in the channel (RECEIVED_POSTS_SINCE) should not save not-comment posts" time="0">
    </testcase>
    <testcase classname="postsInThread receiving posts in the channel (RECEIVED_POSTS_SINCE) should not save duplicate posts" name="postsInThread receiving posts in the channel (RECEIVED_POSTS_SINCE) should not save duplicate posts" time="0.001">
    </testcase>
    <testcase classname="postsInThread receiving posts in the channel (RECEIVED_POSTS_SINCE) should do nothing when receiving no posts" name="postsInThread receiving posts in the channel (RECEIVED_POSTS_SINCE) should do nothing when receiving no posts" time="0.001">
    </testcase>
    <testcase classname="postsInThread receiving posts in the channel (RECEIVED_POSTS_SINCE) should do nothing when receiving no comments" name="postsInThread receiving posts in the channel (RECEIVED_POSTS_SINCE) should do nothing when receiving no comments" time="0">
    </testcase>
    <testcase classname="postsInThread receiving posts in a thread should save comments without sorting" name="postsInThread receiving posts in a thread should save comments without sorting" time="0.001">
    </testcase>
    <testcase classname="postsInThread receiving posts in a thread should not save the root post" name="postsInThread receiving posts in a thread should not save the root post" time="0">
    </testcase>
    <testcase classname="postsInThread receiving posts in a thread should not save duplicate posts" name="postsInThread receiving posts in a thread should not save duplicate posts" time="0.001">
    </testcase>
    <testcase classname="postsInThread receiving posts in a thread should do nothing when receiving no posts" name="postsInThread receiving posts in a thread should do nothing when receiving no posts" time="0">
    </testcase>
    <testcase classname="postsInThread deleting a post should remove the thread when deleting the root post" name="postsInThread deleting a post should remove the thread when deleting the root post" time="0.001">
    </testcase>
    <testcase classname="postsInThread deleting a post should do nothing when deleting a comment" name="postsInThread deleting a post should do nothing when deleting a comment" time="0.001">
    </testcase>
    <testcase classname="postsInThread deleting a post should do nothing if deleting a post without comments" name="postsInThread deleting a post should do nothing if deleting a post without comments" time="0">
    </testcase>
    <testcase classname="postsInThread removing a post should remove the thread when removing the root post" name="postsInThread removing a post should remove the thread when removing the root post" time="0.001">
    </testcase>
    <testcase classname="postsInThread removing a post should remove an entry from the thread when removing a comment" name="postsInThread removing a post should remove an entry from the thread when removing a comment" time="0.001">
    </testcase>
    <testcase classname="postsInThread removing a post should do nothing if removing a thread that has not been loaded" name="postsInThread removing a post should do nothing if removing a thread that has not been loaded" time="0.001">
    </testcase>
    <testcase classname="postsInThread when a channel is deleted (RECEIVED_CHANNEL_DELETED) should remove any threads in that channel" name="postsInThread when a channel is deleted (RECEIVED_CHANNEL_DELETED) should remove any threads in that channel" time="0">
    </testcase>
    <testcase classname="postsInThread when a channel is deleted (RECEIVED_CHANNEL_DELETED) should do nothing if no threads in that channel are loaded" name="postsInThread when a channel is deleted (RECEIVED_CHANNEL_DELETED) should do nothing if no threads in that channel are loaded" time="0.001">
    </testcase>
    <testcase classname="postsInThread when a channel is deleted (RECEIVED_CHANNEL_DELETED) should not remove any posts with viewArchivedChannels enabled" name="postsInThread when a channel is deleted (RECEIVED_CHANNEL_DELETED) should not remove any posts with viewArchivedChannels enabled" time="0">
    </testcase>
    <testcase classname="postsInThread when a channel is deleted (DELETE_CHANNEL_SUCCESS) should remove any threads in that channel" name="postsInThread when a channel is deleted (DELETE_CHANNEL_SUCCESS) should remove any threads in that channel" time="0">
    </testcase>
    <testcase classname="postsInThread when a channel is deleted (DELETE_CHANNEL_SUCCESS) should do nothing if no threads in that channel are loaded" name="postsInThread when a channel is deleted (DELETE_CHANNEL_SUCCESS) should do nothing if no threads in that channel are loaded" time="0.001">
    </testcase>
    <testcase classname="postsInThread when a channel is deleted (DELETE_CHANNEL_SUCCESS) should not remove any posts with viewArchivedChannels enabled" name="postsInThread when a channel is deleted (DELETE_CHANNEL_SUCCESS) should not remove any posts with viewArchivedChannels enabled" time="0">
    </testcase>
    <testcase classname="postsInThread when a channel is deleted (LEAVE_CHANNEL) should remove any threads in that channel" name="postsInThread when a channel is deleted (LEAVE_CHANNEL) should remove any threads in that channel" time="0.001">
    </testcase>
    <testcase classname="postsInThread when a channel is deleted (LEAVE_CHANNEL) should do nothing if no threads in that channel are loaded" name="postsInThread when a channel is deleted (LEAVE_CHANNEL) should do nothing if no threads in that channel are loaded" time="0">
    </testcase>
    <testcase classname="postsInThread when a channel is deleted (LEAVE_CHANNEL) should not remove any posts with viewArchivedChannels enabled" name="postsInThread when a channel is deleted (LEAVE_CHANNEL) should not remove any posts with viewArchivedChannels enabled" time="0.001">
    </testcase>
    <testcase classname="removeUnneededMetadata without metadata" name="removeUnneededMetadata without metadata" time="0">
    </testcase>
    <testcase classname="removeUnneededMetadata with empty metadata" name="removeUnneededMetadata with empty metadata" time="0.001">
    </testcase>
    <testcase classname="removeUnneededMetadata should remove emojis" name="removeUnneededMetadata should remove emojis" time="0">
    </testcase>
    <testcase classname="removeUnneededMetadata should remove files" name="removeUnneededMetadata should remove files" time="0.001">
    </testcase>
    <testcase classname="removeUnneededMetadata should remove reactions" name="removeUnneededMetadata should remove reactions" time="0">
    </testcase>
    <testcase classname="removeUnneededMetadata should remove OpenGraph data" name="removeUnneededMetadata should remove OpenGraph data" time="0.001">
    </testcase>
    <testcase classname="removeUnneededMetadata should not affect non-OpenGraph embeds" name="removeUnneededMetadata should not affect non-OpenGraph embeds" time="0">
    </testcase>
    <testcase classname="reactions single post received (RECEIVED_NEW_POST) no post metadata" name="reactions single post received (RECEIVED_NEW_POST) no post metadata" time="0.001">
    </testcase>
    <testcase classname="reactions single post received (RECEIVED_NEW_POST) no reactions in post metadata" name="reactions single post received (RECEIVED_NEW_POST) no reactions in post metadata" time="0">
    </testcase>
    <testcase classname="reactions single post received (RECEIVED_NEW_POST) should not clobber reactions when metadata empty" name="reactions single post received (RECEIVED_NEW_POST) should not clobber reactions when metadata empty" time="0">
    </testcase>
    <testcase classname="reactions single post received (RECEIVED_NEW_POST) should save reactions" name="reactions single post received (RECEIVED_NEW_POST) should save reactions" time="0.001">
    </testcase>
    <testcase classname="reactions single post received (RECEIVED_POST) no post metadata" name="reactions single post received (RECEIVED_POST) no post metadata" time="0">
    </testcase>
    <testcase classname="reactions single post received (RECEIVED_POST) no reactions in post metadata" name="reactions single post received (RECEIVED_POST) no reactions in post metadata" time="0.001">
    </testcase>
    <testcase classname="reactions single post received (RECEIVED_POST) should not clobber reactions when metadata empty" name="reactions single post received (RECEIVED_POST) should not clobber reactions when metadata empty" time="0">
    </testcase>
    <testcase classname="reactions single post received (RECEIVED_POST) should save reactions" name="reactions single post received (RECEIVED_POST) should save reactions" time="0">
    </testcase>
    <testcase classname="reactions receiving multiple posts no post metadata" name="reactions receiving multiple posts no post metadata" time="0.001">
    </testcase>
    <testcase classname="reactions receiving multiple posts no reactions in post metadata" name="reactions receiving multiple posts no reactions in post metadata" time="0">
    </testcase>
    <testcase classname="reactions receiving multiple posts should save reactions" name="reactions receiving multiple posts should save reactions" time="0.001">
    </testcase>
    <testcase classname="reactions receiving multiple posts should save reactions for multiple posts" name="reactions receiving multiple posts should save reactions for multiple posts" time="0">
    </testcase>
    <testcase classname="opengraph single post received (RECEIVED_NEW_POST) no post metadata" name="opengraph single post received (RECEIVED_NEW_POST) no post metadata" time="0.001">
    </testcase>
    <testcase classname="opengraph single post received (RECEIVED_NEW_POST) no embeds in post metadata" name="opengraph single post received (RECEIVED_NEW_POST) no embeds in post metadata" time="0.001">
    </testcase>
    <testcase classname="opengraph single post received (RECEIVED_NEW_POST) other types of embeds in post metadata" name="opengraph single post received (RECEIVED_NEW_POST) other types of embeds in post metadata" time="0.001">
    </testcase>
    <testcase classname="opengraph single post received (RECEIVED_NEW_POST) should save opengraph data" name="opengraph single post received (RECEIVED_NEW_POST) should save opengraph data" time="0">
    </testcase>
    <testcase classname="opengraph single post received (RECEIVED_POST) no post metadata" name="opengraph single post received (RECEIVED_POST) no post metadata" time="0">
    </testcase>
    <testcase classname="opengraph single post received (RECEIVED_POST) no embeds in post metadata" name="opengraph single post received (RECEIVED_POST) no embeds in post metadata" time="0.001">
    </testcase>
    <testcase classname="opengraph single post received (RECEIVED_POST) other types of embeds in post metadata" name="opengraph single post received (RECEIVED_POST) other types of embeds in post metadata" time="0">
    </testcase>
    <testcase classname="opengraph single post received (RECEIVED_POST) should save opengraph data" name="opengraph single post received (RECEIVED_POST) should save opengraph data" time="0.001">
    </testcase>
    <testcase classname="opengraph receiving multiple posts no post metadata" name="opengraph receiving multiple posts no post metadata" time="0">
    </testcase>
    <testcase classname="opengraph receiving multiple posts no embeds in post metadata" name="opengraph receiving multiple posts no embeds in post metadata" time="0">
    </testcase>
    <testcase classname="opengraph receiving multiple posts other types of embeds in post metadata" name="opengraph receiving multiple posts other types of embeds in post metadata" time="0.001">
    </testcase>
    <testcase classname="opengraph receiving multiple posts should save opengraph data" name="opengraph receiving multiple posts should save opengraph data" time="0">
    </testcase>
    <testcase classname="opengraph receiving multiple posts should save reactions for multiple posts" name="opengraph receiving multiple posts should save reactions for multiple posts" time="0">
    </testcase>
    <testcase classname="expandedURLs should store the URLs on REDIRECT_LOCATION_SUCCESS" name="expandedURLs should store the URLs on REDIRECT_LOCATION_SUCCESS" time="0.001">
    </testcase>
    <testcase classname="expandedURLs should store the non-expanded URL on REDIRECT_LOCATION_FAILURE" name="expandedURLs should store the non-expanded URL on REDIRECT_LOCATION_FAILURE" time="0">
    </testcase>
  </testsuite>
  <testsuite name="Actions.Channels" errors="0" failures="0" skipped="0" timestamp="2019-06-30T09:59:25" time="7.359" tests="55">
    <testcase classname="Actions.Channels selectChannel" name="Actions.Channels selectChannel" time="0.135">
    </testcase>
    <testcase classname="Actions.Channels createChannel" name="Actions.Channels createChannel" time="0.051">
    </testcase>
    <testcase classname="Actions.Channels createDirectChannel" name="Actions.Channels createDirectChannel" time="0.017">
    </testcase>
    <testcase classname="Actions.Channels createGroupChannel" name="Actions.Channels createGroupChannel" time="0.03">
    </testcase>
    <testcase classname="Actions.Channels updateChannel" name="Actions.Channels updateChannel" time="0.004">
    </testcase>
    <testcase classname="Actions.Channels patchChannel" name="Actions.Channels patchChannel" time="0.006">
    </testcase>
    <testcase classname="Actions.Channels convertChannelToPrivate" name="Actions.Channels convertChannelToPrivate" time="0.006">
    </testcase>
    <testcase classname="Actions.Channels getChannel" name="Actions.Channels getChannel" time="0.004">
    </testcase>
    <testcase classname="Actions.Channels getChannelByNameAndTeamName" name="Actions.Channels getChannelByNameAndTeamName" time="0.005">
    </testcase>
    <testcase classname="Actions.Channels getChannelAndMyMember" name="Actions.Channels getChannelAndMyMember" time="0.009">
    </testcase>
    <testcase classname="Actions.Channels fetchMyChannelsAndMembers" name="Actions.Channels fetchMyChannelsAndMembers" time="0.015">
    </testcase>
    <testcase classname="Actions.Channels updateChannelNotifyProps" name="Actions.Channels updateChannelNotifyProps" time="0.009">
    </testcase>
    <testcase classname="Actions.Channels deleteChannel" name="Actions.Channels deleteChannel" time="0.026">
    </testcase>
    <testcase classname="Actions.Channels viewChannel" name="Actions.Channels viewChannel" time="0.013">
    </testcase>
    <testcase classname="Actions.Channels markChannelAsViewed" name="Actions.Channels markChannelAsViewed" time="0.059">
    </testcase>
    <testcase classname="Actions.Channels markChannelAsUnread plain message" name="Actions.Channels markChannelAsUnread plain message" time="0.007">
    </testcase>
    <testcase classname="Actions.Channels markChannelAsUnread message mentioning current user" name="Actions.Channels markChannelAsUnread message mentioning current user" time="0.008">
    </testcase>
    <testcase classname="Actions.Channels markChannelAsUnread plain message with mark_unread=&quot;mention&quot;" name="Actions.Channels markChannelAsUnread plain message with mark_unread=&quot;mention&quot;" time="0.009">
    </testcase>
    <testcase classname="Actions.Channels markChannelAsUnread message mentioning current user with mark_unread=&quot;mention&quot;" name="Actions.Channels markChannelAsUnread message mentioning current user with mark_unread=&quot;mention&quot;" time="0.006">
    </testcase>
    <testcase classname="Actions.Channels markChannelAsRead one read channel" name="Actions.Channels markChannelAsRead one read channel" time="0.009">
    </testcase>
    <testcase classname="Actions.Channels markChannelAsRead one unread channel" name="Actions.Channels markChannelAsRead one unread channel" time="0.009">
    </testcase>
    <testcase classname="Actions.Channels markChannelAsRead one unread DM channel" name="Actions.Channels markChannelAsRead one unread DM channel" time="0.007">
    </testcase>
    <testcase classname="Actions.Channels markChannelAsRead two unread channels, same team, reading one" name="Actions.Channels markChannelAsRead two unread channels, same team, reading one" time="0.007">
    </testcase>
    <testcase classname="Actions.Channels markChannelAsRead two unread channels, same team, reading both" name="Actions.Channels markChannelAsRead two unread channels, same team, reading both" time="0.007">
    </testcase>
    <testcase classname="Actions.Channels markChannelAsRead two unread channels, same team, reading both (opposite order)" name="Actions.Channels markChannelAsRead two unread channels, same team, reading both (opposite order)" time="0.007">
    </testcase>
    <testcase classname="Actions.Channels markChannelAsRead two unread channels, different teams, reading one" name="Actions.Channels markChannelAsRead two unread channels, different teams, reading one" time="0.006">
    </testcase>
    <testcase classname="Actions.Channels markChannelAsRead two unread channels, different teams, reading both" name="Actions.Channels markChannelAsRead two unread channels, different teams, reading both" time="0.006">
    </testcase>
    <testcase classname="Actions.Channels markChannelAsRead two unread channels, different teams, reading both (opposite order)" name="Actions.Channels markChannelAsRead two unread channels, different teams, reading both (opposite order)" time="0.008">
    </testcase>
    <testcase classname="Actions.Channels getChannels" name="Actions.Channels getChannels" time="0.011">
    </testcase>
    <testcase classname="Actions.Channels getAllChannels" name="Actions.Channels getAllChannels" time="0.01">
    </testcase>
    <testcase classname="Actions.Channels getAllChannelsWithCount" name="Actions.Channels getAllChannelsWithCount" time="0.014">
    </testcase>
    <testcase classname="Actions.Channels searchAllChannels" name="Actions.Channels searchAllChannels" time="0.012">
    </testcase>
    <testcase classname="Actions.Channels getChannelMembers" name="Actions.Channels getChannelMembers" time="0.007">
    </testcase>
    <testcase classname="Actions.Channels getChannelMember" name="Actions.Channels getChannelMember" time="0.004">
    </testcase>
    <testcase classname="Actions.Channels getMyChannelMember" name="Actions.Channels getMyChannelMember" time="0.004">
    </testcase>
    <testcase classname="Actions.Channels getChannelMembersByIds" name="Actions.Channels getChannelMembersByIds" time="0.005">
    </testcase>
    <testcase classname="Actions.Channels getChannelStats" name="Actions.Channels getChannelStats" time="0.005">
    </testcase>
    <testcase classname="Actions.Channels addChannelMember" name="Actions.Channels addChannelMember" time="0.011">
    </testcase>
    <testcase classname="Actions.Channels removeChannelMember" name="Actions.Channels removeChannelMember" time="0.013">
    </testcase>
    <testcase classname="Actions.Channels updateChannelMemberRoles" name="Actions.Channels updateChannelMemberRoles" time="0.011">
    </testcase>
    <testcase classname="Actions.Channels updateChannelHeader" name="Actions.Channels updateChannelHeader" time="0.005">
    </testcase>
    <testcase classname="Actions.Channels updateChannelPurpose" name="Actions.Channels updateChannelPurpose" time="0.005">
    </testcase>
    <testcase classname="Actions.Channels leaveChannel" name="Actions.Channels leaveChannel" time="0.318">
    </testcase>
    <testcase classname="Actions.Channels leave private channel" name="Actions.Channels leave private channel" time="0.029">
    </testcase>
    <testcase classname="Actions.Channels joinChannel" name="Actions.Channels joinChannel" time="0.011">
    </testcase>
    <testcase classname="Actions.Channels joinChannelByName" name="Actions.Channels joinChannelByName" time="0.012">
    </testcase>
    <testcase classname="Actions.Channels favoriteChannel" name="Actions.Channels favoriteChannel" time="0.003">
    </testcase>
    <testcase classname="Actions.Channels unfavoriteChannel" name="Actions.Channels unfavoriteChannel" time="0.003">
    </testcase>
    <testcase classname="Actions.Channels autocompleteChannels" name="Actions.Channels autocompleteChannels" time="0.006">
    </testcase>
    <testcase classname="Actions.Channels autocompleteChannelsForSearch" name="Actions.Channels autocompleteChannelsForSearch" time="0.005">
    </testcase>
    <testcase classname="Actions.Channels updateChannelScheme" name="Actions.Channels updateChannelScheme" time="0.02">
    </testcase>
    <testcase classname="Actions.Channels updateChannelMemberSchemeRoles" name="Actions.Channels updateChannelMemberSchemeRoles" time="0.023">
    </testcase>
    <testcase classname="Actions.Channels markGroupChannelOpen" name="Actions.Channels markGroupChannelOpen" time="0.004">
    </testcase>
    <testcase classname="Actions.Channels getChannelTimezones" name="Actions.Channels getChannelTimezones" time="0.005">
    </testcase>
    <testcase classname="Actions.Channels membersMinusGroupMembers" name="Actions.Channels membersMinusGroupMembers" time="0.006">
    </testcase>
  </testsuite>
  <testsuite name="Selectors.Posts" errors="0" failures="0" skipped="0" timestamp="2019-06-30T09:59:32" time="0.344" tests="52">
    <testcase classname="Selectors.Posts should return the most recent post for each channel" name="Selectors.Posts should return the most recent post for each channel" time="0.001">
    </testcase>
    <testcase classname="Selectors.Posts should return single post with no children" name="Selectors.Posts should return single post with no children" time="0.001">
    </testcase>
    <testcase classname="Selectors.Posts should return post with children" name="Selectors.Posts should return post with children" time="0">
    </testcase>
    <testcase classname="Selectors.Posts should return memoized result for identical props" name="Selectors.Posts should return memoized result for identical props" time="0">
    </testcase>
    <testcase classname="Selectors.Posts should return memoized result for multiple selectors with different props" name="Selectors.Posts should return memoized result for multiple selectors with different props" time="0.001">
    </testcase>
    <testcase classname="Selectors.Posts should return reactions for post" name="Selectors.Posts should return reactions for post" time="0">
    </testcase>
    <testcase classname="Selectors.Posts should return profiles for reactions" name="Selectors.Posts should return profiles for reactions" time="0.001">
    </testcase>
    <testcase classname="Selectors.Posts get posts in channel" name="Selectors.Posts get posts in channel" time="0.001">
    </testcase>
    <testcase classname="Selectors.Posts get posts around post in channel" name="Selectors.Posts get posts around post in channel" time="0.001">
    </testcase>
    <testcase classname="Selectors.Posts get posts in channel with notify comments as any" name="Selectors.Posts get posts in channel with notify comments as any" time="0">
    </testcase>
    <testcase classname="Selectors.Posts get posts in channel with notify comments as root" name="Selectors.Posts get posts in channel with notify comments as root" time="0.001">
    </testcase>
    <testcase classname="Selectors.Posts get posts in channel with notify comments as never" name="Selectors.Posts get posts in channel with notify comments as never" time="0.001">
    </testcase>
    <testcase classname="Selectors.Posts gets posts around post in channel not adding ephemeral post to replyCount" name="Selectors.Posts gets posts around post in channel not adding ephemeral post to replyCount" time="0.001">
    </testcase>
    <testcase classname="Selectors.Posts gets posts in channel not adding ephemeral post to replyCount" name="Selectors.Posts gets posts in channel not adding ephemeral post to replyCount" time="0.001">
    </testcase>
    <testcase classname="Selectors.Posts get current history item" name="Selectors.Posts get current history item" time="0">
    </testcase>
    <testcase classname="Selectors.Posts getPostIdsForThread single post" name="Selectors.Posts getPostIdsForThread single post" time="0.001">
    </testcase>
    <testcase classname="Selectors.Posts getPostIdsForThread thread" name="Selectors.Posts getPostIdsForThread thread" time="0.003">
    </testcase>
    <testcase classname="Selectors.Posts getPostIdsForThread memoization" name="Selectors.Posts getPostIdsForThread memoization" time="0.001">
    </testcase>
    <testcase classname="Selectors.Posts getPostIdsForThread memoization with multiple selectors" name="Selectors.Posts getPostIdsForThread memoization with multiple selectors" time="0">
    </testcase>
    <testcase classname="Selectors.Posts getPostIdsAroundPost no posts around" name="Selectors.Posts getPostIdsAroundPost no posts around" time="0">
    </testcase>
    <testcase classname="Selectors.Posts getPostIdsAroundPost posts around" name="Selectors.Posts getPostIdsAroundPost posts around" time="0.001">
    </testcase>
    <testcase classname="Selectors.Posts getPostIdsAroundPost posts before limit" name="Selectors.Posts getPostIdsAroundPost posts before limit" time="0">
    </testcase>
    <testcase classname="Selectors.Posts getPostIdsAroundPost posts after limit" name="Selectors.Posts getPostIdsAroundPost posts after limit" time="0.001">
    </testcase>
    <testcase classname="Selectors.Posts getPostIdsAroundPost posts before/after limit" name="Selectors.Posts getPostIdsAroundPost posts before/after limit" time="0">
    </testcase>
    <testcase classname="Selectors.Posts getPostIdsAroundPost memoization" name="Selectors.Posts getPostIdsAroundPost memoization" time="0.001">
    </testcase>
    <testcase classname="Selectors.Posts getPostIdsAroundPost memoization with multiple selectors" name="Selectors.Posts getPostIdsAroundPost memoization with multiple selectors" time="0">
    </testcase>
    <testcase classname="Selectors.Posts getPostsForIds selector" name="Selectors.Posts getPostsForIds selector" time="0.001">
    </testcase>
    <testcase classname="Selectors.Posts getPostsForIds memoization" name="Selectors.Posts getPostsForIds memoization" time="0">
    </testcase>
    <testcase classname="Selectors.Posts getMostRecentPostIdInChannel system messages visible" name="Selectors.Posts getMostRecentPostIdInChannel system messages visible" time="0.001">
    </testcase>
    <testcase classname="Selectors.Posts getMostRecentPostIdInChannel system messages hidden" name="Selectors.Posts getMostRecentPostIdInChannel system messages hidden" time="0">
    </testcase>
    <testcase classname="Selectors.Posts getLatestReplyablePostId no posts" name="Selectors.Posts getLatestReplyablePostId no posts" time="0.001">
    </testcase>
    <testcase classname="Selectors.Posts getLatestReplyablePostId return first post which dosent have POST_DELETED state" name="Selectors.Posts getLatestReplyablePostId return first post which dosent have POST_DELETED state" time="0">
    </testcase>
    <testcase classname="Selectors.Posts makeIsPostCommentMention Should return true as root post is by the current user" name="Selectors.Posts makeIsPostCommentMention Should return true as root post is by the current user" time="0">
    </testcase>
    <testcase classname="Selectors.Posts makeIsPostCommentMention Should return false as post is not from currentUser" name="Selectors.Posts makeIsPostCommentMention Should return false as post is not from currentUser" time="0">
    </testcase>
    <testcase classname="Selectors.Posts makeIsPostCommentMention Should return true as post is from webhook but user created rootPost" name="Selectors.Posts makeIsPostCommentMention Should return true as post is from webhook but user created rootPost" time="0.001">
    </testcase>
    <testcase classname="Selectors.Posts makeIsPostCommentMention Should return true as user commented in the thread" name="Selectors.Posts makeIsPostCommentMention Should return true as user commented in the thread" time="0">
    </testcase>
    <testcase classname="Selectors.Posts makeIsPostCommentMention Should return false as user commented in the thread but notify_props is for root only" name="Selectors.Posts makeIsPostCommentMention Should return false as user commented in the thread but notify_props is for root only" time="0.001">
    </testcase>
    <testcase classname="Selectors.Posts makeIsPostCommentMention Should return false as user created root post" name="Selectors.Posts makeIsPostCommentMention Should return false as user created root post" time="0">
    </testcase>
    <testcase classname="getPostIdsInCurrentChannel should return null when channel is not loaded" name="getPostIdsInCurrentChannel should return null when channel is not loaded" time="0.001">
    </testcase>
    <testcase classname="getPostIdsInCurrentChannel should return null when recent posts are not loaded" name="getPostIdsInCurrentChannel should return null when recent posts are not loaded" time="0">
    </testcase>
    <testcase classname="getPostIdsInCurrentChannel should return post order from recent block" name="getPostIdsInCurrentChannel should return post order from recent block" time="0.001">
    </testcase>
    <testcase classname="getPostsInCurrentChannel should return null when channel is not loaded" name="getPostsInCurrentChannel should return null when channel is not loaded" time="0">
    </testcase>
    <testcase classname="getPostsInCurrentChannel should return null when recent posts are not loaded" name="getPostsInCurrentChannel should return null when recent posts are not loaded" time="0.001">
    </testcase>
    <testcase classname="getPostsInCurrentChannel should return post order from recent block" name="getPostsInCurrentChannel should return post order from recent block" time="0">
    </testcase>
    <testcase classname="getCurrentUsersLatestPost no posts" name="getCurrentUsersLatestPost no posts" time="0">
    </testcase>
    <testcase classname="getCurrentUsersLatestPost return first post which user can edit" name="getCurrentUsersLatestPost return first post which user can edit" time="0.001">
    </testcase>
    <testcase classname="getCurrentUsersLatestPost return first post which user can edit ignore pending and failed" name="getCurrentUsersLatestPost return first post which user can edit ignore pending and failed" time="0">
    </testcase>
    <testcase classname="getCurrentUsersLatestPost return first post which has rootId match" name="getCurrentUsersLatestPost return first post which has rootId match" time="0.001">
    </testcase>
    <testcase classname="getCurrentUsersLatestPost should not return posts outside of the recent block" name="getCurrentUsersLatestPost should not return posts outside of the recent block" time="0">
    </testcase>
    <testcase classname="getCurrentUsersLatestPost determine the sending posts" name="getCurrentUsersLatestPost determine the sending posts" time="0.001">
    </testcase>
    <testcase classname="getExpandedLink should get the expanded link from the state" name="getExpandedLink should get the expanded link from the state" time="0.001">
    </testcase>
    <testcase classname="getExpandedLink should return undefined if it is not saved" name="getExpandedLink should return undefined if it is not saved" time="0">
    </testcase>
  </testsuite>
  <testsuite name="makeFilterPostsAndAddSeparators" errors="0" failures="0" skipped="46" timestamp="2019-06-30T09:59:32" time="0.401" tests="50">
    <testcase classname="makeFilterPostsAndAddSeparators filter join/leave posts" name="makeFilterPostsAndAddSeparators filter join/leave posts" time="0">
      <skipped/>
    </testcase>
    <testcase classname="makeFilterPostsAndAddSeparators new messages indicator" name="makeFilterPostsAndAddSeparators new messages indicator" time="0">
      <skipped/>
    </testcase>
    <testcase classname="makeFilterPostsAndAddSeparators memoization" name="makeFilterPostsAndAddSeparators memoization" time="0">
      <skipped/>
    </testcase>
    <testcase classname="makeCombineUserActivityPosts should do nothing if no post IDs are provided" name="makeCombineUserActivityPosts should do nothing if no post IDs are provided" time="0">
      <skipped/>
    </testcase>
    <testcase classname="makeCombineUserActivityPosts should do nothing if there are no user activity posts" name="makeCombineUserActivityPosts should do nothing if there are no user activity posts" time="0">
      <skipped/>
    </testcase>
    <testcase classname="makeCombineUserActivityPosts should combine adjacent user activity posts" name="makeCombineUserActivityPosts should combine adjacent user activity posts" time="0">
      <skipped/>
    </testcase>
    <testcase classname="makeCombineUserActivityPosts should &quot;combine&quot; a single activity post" name="makeCombineUserActivityPosts should &quot;combine&quot; a single activity post" time="0">
      <skipped/>
    </testcase>
    <testcase classname="makeCombineUserActivityPosts should not combine with regular messages" name="makeCombineUserActivityPosts should not combine with regular messages" time="0">
      <skipped/>
    </testcase>
    <testcase classname="makeCombineUserActivityPosts should not combine with other system messages" name="makeCombineUserActivityPosts should not combine with other system messages" time="0">
      <skipped/>
    </testcase>
    <testcase classname="makeCombineUserActivityPosts should not combine across non-post items" name="makeCombineUserActivityPosts should not combine across non-post items" time="0">
      <skipped/>
    </testcase>
    <testcase classname="makeCombineUserActivityPosts should not combine more than 100 posts" name="makeCombineUserActivityPosts should not combine more than 100 posts" time="0">
      <skipped/>
    </testcase>
    <testcase classname="makeCombineUserActivityPosts memoization should not recalculate when nothing has changed" name="makeCombineUserActivityPosts memoization should not recalculate when nothing has changed" time="0">
      <skipped/>
    </testcase>
    <testcase classname="makeCombineUserActivityPosts memoization should recalculate when the post IDs change" name="makeCombineUserActivityPosts memoization should recalculate when the post IDs change" time="0">
      <skipped/>
    </testcase>
    <testcase classname="makeCombineUserActivityPosts memoization should not recalculate when an unrelated state change occurs" name="makeCombineUserActivityPosts memoization should not recalculate when an unrelated state change occurs" time="0">
      <skipped/>
    </testcase>
    <testcase classname="makeCombineUserActivityPosts memoization should recalculate if any post changes, but should return the same results if possible" name="makeCombineUserActivityPosts memoization should recalculate if any post changes, but should return the same results if possible" time="0">
      <skipped/>
    </testcase>
    <testcase classname="isDateLine should correctly identify date line items" name="isDateLine should correctly identify date line items" time="0">
      <skipped/>
    </testcase>
    <testcase classname="getDateForDateLine should get date correctly without suffix" name="getDateForDateLine should get date correctly without suffix" time="0">
      <skipped/>
    </testcase>
    <testcase classname="getDateForDateLine should get date correctly with suffix" name="getDateForDateLine should get date correctly with suffix" time="0">
      <skipped/>
    </testcase>
    <testcase classname="isCombinedUserActivityPost should correctly identify combined user activity posts" name="isCombinedUserActivityPost should correctly identify combined user activity posts" time="0">
      <skipped/>
    </testcase>
    <testcase classname="getPostIdsForCombinedUserActivityPost should get IDs correctly" name="getPostIdsForCombinedUserActivityPost should get IDs correctly" time="0">
      <skipped/>
    </testcase>
    <testcase classname="getFirstPostId should return the first item if it is a post" name="getFirstPostId should return the first item if it is a post" time="0">
      <skipped/>
    </testcase>
    <testcase classname="getFirstPostId should return the first ID from a combined post" name="getFirstPostId should return the first ID from a combined post" time="0">
      <skipped/>
    </testcase>
    <testcase classname="getFirstPostId should skip date separators" name="getFirstPostId should skip date separators" time="0">
      <skipped/>
    </testcase>
    <testcase classname="getFirstPostId should skip the new message line" name="getFirstPostId should skip the new message line" time="0">
      <skipped/>
    </testcase>
    <testcase classname="getLastPostId should return the last item if it is a post" name="getLastPostId should return the last item if it is a post" time="0">
      <skipped/>
    </testcase>
    <testcase classname="getLastPostId should return the last ID from a combined post" name="getLastPostId should return the last ID from a combined post" time="0">
      <skipped/>
    </testcase>
    <testcase classname="getLastPostId should skip date separators" name="getLastPostId should skip date separators" time="0">
      <skipped/>
    </testcase>
    <testcase classname="getLastPostId should skip the new message line" name="getLastPostId should skip the new message line" time="0">
      <skipped/>
    </testcase>
    <testcase classname="getLastPostIndex should return index of last post for list of all regular posts" name="getLastPostIndex should return index of last post for list of all regular posts" time="0.001">
    </testcase>
    <testcase classname="getLastPostIndex should return index of last combined post" name="getLastPostIndex should return index of last combined post" time="0.001">
    </testcase>
    <testcase classname="getLastPostIndex should skip date separators and return index of last post" name="getLastPostIndex should skip date separators and return index of last post" time="0">
    </testcase>
    <testcase classname="getLastPostIndex should skip the new message line and return index of last post" name="getLastPostIndex should skip the new message line and return index of last post" time="0.001">
    </testcase>
    <testcase classname="makeGenerateCombinedPost should output a combined post" name="makeGenerateCombinedPost should output a combined post" time="0">
      <skipped/>
    </testcase>
    <testcase classname="makeGenerateCombinedPost memoization should not recalculate when called twice with the same ID" name="makeGenerateCombinedPost memoization should not recalculate when called twice with the same ID" time="0">
      <skipped/>
    </testcase>
    <testcase classname="makeGenerateCombinedPost memoization should recalculate when called twice with different IDs" name="makeGenerateCombinedPost memoization should recalculate when called twice with different IDs" time="0">
      <skipped/>
    </testcase>
    <testcase classname="makeGenerateCombinedPost memoization should not recalculate when a different post changes" name="makeGenerateCombinedPost memoization should not recalculate when a different post changes" time="0">
      <skipped/>
    </testcase>
    <testcase classname="makeGenerateCombinedPost memoization should recalculate when one of the included posts change" name="makeGenerateCombinedPost memoization should recalculate when one of the included posts change" time="0">
      <skipped/>
    </testcase>
    <testcase classname="combineUserActivitySystemPost should return null" name="combineUserActivitySystemPost should return null" time="0">
      <skipped/>
    </testcase>
    <testcase classname="combineUserActivitySystemPost should match return for ADD_TO_CHANNEL" name="combineUserActivitySystemPost should match return for ADD_TO_CHANNEL" time="0">
      <skipped/>
    </testcase>
    <testcase classname="combineUserActivitySystemPost should match return for ADD_TO_CHANNEL, backward compatibility with addedUsername" name="combineUserActivitySystemPost should match return for ADD_TO_CHANNEL, backward compatibility with addedUsername" time="0">
      <skipped/>
    </testcase>
    <testcase classname="combineUserActivitySystemPost should match return for ADD_TO_TEAM" name="combineUserActivitySystemPost should match return for ADD_TO_TEAM" time="0">
      <skipped/>
    </testcase>
    <testcase classname="combineUserActivitySystemPost should match return for ADD_TO_TEAM, backward compatibility with addedUsername" name="combineUserActivitySystemPost should match return for ADD_TO_TEAM, backward compatibility with addedUsername" time="0">
      <skipped/>
    </testcase>
    <testcase classname="combineUserActivitySystemPost should match return for JOIN_CHANNEL" name="combineUserActivitySystemPost should match return for JOIN_CHANNEL" time="0">
      <skipped/>
    </testcase>
    <testcase classname="combineUserActivitySystemPost should match return for JOIN_TEAM" name="combineUserActivitySystemPost should match return for JOIN_TEAM" time="0">
      <skipped/>
    </testcase>
    <testcase classname="combineUserActivitySystemPost should match return for LEAVE_CHANNEL" name="combineUserActivitySystemPost should match return for LEAVE_CHANNEL" time="0">
      <skipped/>
    </testcase>
    <testcase classname="combineUserActivitySystemPost should match return for LEAVE_TEAM" name="combineUserActivitySystemPost should match return for LEAVE_TEAM" time="0">
      <skipped/>
    </testcase>
    <testcase classname="combineUserActivitySystemPost should match return for REMOVE_FROM_CHANNEL" name="combineUserActivitySystemPost should match return for REMOVE_FROM_CHANNEL" time="0">
      <skipped/>
    </testcase>
[...]
    </testcase>
    <testcase classname="Actions.Roles getRole" name="Actions.Roles getRole" time="0.006">
    </testcase>
    <testcase classname="Actions.Roles loadRolesIfNeeded" name="Actions.Roles loadRolesIfNeeded" time="0.006">
    </testcase>
    <testcase classname="Actions.Roles editRole" name="Actions.Roles editRole" time="0.005">
    </testcase>
  </testsuite>
  <testsuite name="channels" errors="0" failures="0" skipped="0" timestamp="2019-06-30T09:59:49" time="0.067" tests="6">
    <testcase classname="channels RECEIVED_CHANNEL_DELETED should mark channel as deleted" name="channels RECEIVED_CHANNEL_DELETED should mark channel as deleted" time="0.002">
    </testcase>
    <testcase classname="channels RECEIVED_CHANNEL_DELETED should do nothing for a channel that is not loaded" name="channels RECEIVED_CHANNEL_DELETED should do nothing for a channel that is not loaded" time="0">
    </testcase>
    <testcase classname="channels UPDATE_CHANNEL_HEADER should update channel header" name="channels UPDATE_CHANNEL_HEADER should update channel header" time="0.001">
    </testcase>
    <testcase classname="channels UPDATE_CHANNEL_HEADER should do nothing for a channel that is not loaded" name="channels UPDATE_CHANNEL_HEADER should do nothing for a channel that is not loaded" time="0">
    </testcase>
    <testcase classname="channels UPDATE_CHANNEL_PURPOSE should update channel purpose" name="channels UPDATE_CHANNEL_PURPOSE should update channel purpose" time="0.001">
    </testcase>
    <testcase classname="channels UPDATE_CHANNEL_PURPOSE should do nothing for a channel that is not loaded" name="channels UPDATE_CHANNEL_PURPOSE should do nothing for a channel that is not loaded" time="0">
    </testcase>
  </testsuite>
  <testsuite name="Reducers.teams.myMembers" errors="0" failures="0" skipped="0" timestamp="2019-06-30T09:59:49" time="0.091" tests="5">
    <testcase classname="Reducers.teams.myMembers initial state" name="Reducers.teams.myMembers initial state" time="0">
    </testcase>
    <testcase classname="Reducers.teams.myMembers RECEIVED_MY_TEAM_MEMBER" name="Reducers.teams.myMembers RECEIVED_MY_TEAM_MEMBER" time="0.001">
    </testcase>
    <testcase classname="Reducers.teams.myMembers RECEIVED_MY_TEAM_MEMBERS" name="Reducers.teams.myMembers RECEIVED_MY_TEAM_MEMBERS" time="0.001">
    </testcase>
    <testcase classname="Reducers.teams.myMembers RECEIVED_TEAMS_LIST" name="Reducers.teams.myMembers RECEIVED_TEAMS_LIST" time="0">
    </testcase>
    <testcase classname="Reducers.teams.myMembers RECEIVED_TEAMS" name="Reducers.teams.myMembers RECEIVED_TEAMS" time="0.001">
    </testcase>
  </testsuite>
  <testsuite name="Actions.Jobs" errors="0" failures="0" skipped="0" timestamp="2019-06-30T09:59:49" time="0.16" tests="5">
    <testcase classname="Actions.Jobs createJob" name="Actions.Jobs createJob" time="0.007">
    </testcase>
    <testcase classname="Actions.Jobs getJob" name="Actions.Jobs getJob" time="0.006">
    </testcase>
    <testcase classname="Actions.Jobs cancelJob" name="Actions.Jobs cancelJob" time="0.005">
    </testcase>
    <testcase classname="Actions.Jobs getJobs" name="Actions.Jobs getJobs" time="0.005">
    </testcase>
    <testcase classname="Actions.Jobs getJobsByType" name="Actions.Jobs getJobsByType" time="0.009">
    </testcase>
  </testsuite>
  <testsuite name="Actions.Helpers" errors="0" failures="0" skipped="0" timestamp="2019-06-30T09:59:49" time="0.116" tests="5">
    <testcase classname="Actions.Helpers forceLogoutIfNecessary should do nothing when passed a client error" name="Actions.Helpers forceLogoutIfNecessary should do nothing when passed a client error" time="0.005">
    </testcase>
    <testcase classname="Actions.Helpers forceLogoutIfNecessary should do nothing when passed a non-401 server error" name="Actions.Helpers forceLogoutIfNecessary should do nothing when passed a non-401 server error" time="0.004">
    </testcase>
    <testcase classname="Actions.Helpers forceLogoutIfNecessary should trigger logout when passed a 401 server error" name="Actions.Helpers forceLogoutIfNecessary should trigger logout when passed a 401 server error" time="0.004">
    </testcase>
    <testcase classname="Actions.Helpers forceLogoutIfNecessary should do nothing when failing to log in" name="Actions.Helpers forceLogoutIfNecessary should do nothing when failing to log in" time="0.004">
    </testcase>
    <testcase classname="Actions.Helpers forceLogoutIfNecessary should do nothing when not logged in" name="Actions.Helpers forceLogoutIfNecessary should do nothing when not logged in" time="0.003">
    </testcase>
  </testsuite>
  <testsuite name="Actions.Schemes" errors="0" failures="0" skipped="0" timestamp="2019-06-30T09:59:49" time="0.182" tests="5">
    <testcase classname="Actions.Schemes getSchemes" name="Actions.Schemes getSchemes" time="0.007">
    </testcase>
    <testcase classname="Actions.Schemes createScheme" name="Actions.Schemes createScheme" time="0.005">
    </testcase>
    <testcase classname="Actions.Schemes getScheme" name="Actions.Schemes getScheme" time="0.007">
    </testcase>
    <testcase classname="Actions.Schemes patchScheme" name="Actions.Schemes patchScheme" time="0.005">
    </testcase>
    <testcase classname="Actions.Schemes deleteScheme" name="Actions.Schemes deleteScheme" time="0.009">
    </testcase>
  </testsuite>
  <testsuite name="Helpers" errors="0" failures="0" skipped="0" timestamp="2019-06-30T09:59:50" time="0.052" tests="3">
    <testcase classname="Helpers isMinimumServerVersion" name="Helpers isMinimumServerVersion" time="0.001">
    </testcase>
    <testcase classname="Helpers buildQueryString" name="Helpers buildQueryString" time="0">
    </testcase>
    <testcase classname="Utils.isEmail " name="Utils.isEmail " time="0">
    </testcase>
  </testsuite>
  <testsuite name="FileUtils" errors="0" failures="0" skipped="0" timestamp="2019-06-30T09:59:50" time="0.089" tests="6">
    <testcase classname="FileUtils getFileUrl" name="FileUtils getFileUrl" time="0.001">
    </testcase>
    <testcase classname="FileUtils getFileDownloadUrl" name="FileUtils getFileDownloadUrl" time="0">
    </testcase>
    <testcase classname="FileUtils getFileThumbnailUrl" name="FileUtils getFileThumbnailUrl" time="0.001">
    </testcase>
    <testcase classname="FileUtils getFilePreviewUrl" name="FileUtils getFilePreviewUrl" time="0">
    </testcase>
    <testcase classname="FileUtils sortFileInfos" name="FileUtils sortFileInfos" time="0.001">
    </testcase>
    <testcase classname="FileUtils lookupMimeType" name="FileUtils lookupMimeType" time="0.001">
    </testcase>
  </testsuite>
  <testsuite name="integration utils" errors="0" failures="0" skipped="0" timestamp="2019-06-30T09:59:50" time="0.078" tests="12">
    <testcase classname="integration utils checkDialogElementForError should return null error on optional text element" name="integration utils checkDialogElementForError should return null error on optional text element" time="0">
    </testcase>
    <testcase classname="integration utils checkDialogElementForError should return null error on optional textarea element" name="integration utils checkDialogElementForError should return null error on optional textarea element" time="0.001">
    </testcase>
    <testcase classname="integration utils checkDialogElementForError should return error on required element" name="integration utils checkDialogElementForError should return error on required element" time="0">
    </testcase>
    <testcase classname="integration utils checkDialogElementForError should return error on too short text element" name="integration utils checkDialogElementForError should return error on too short text element" time="0">
    </testcase>
    <testcase classname="integration utils checkDialogElementForError should return null on good number element" name="integration utils checkDialogElementForError should return null on good number element" time="0.001">
    </testcase>
    <testcase classname="integration utils checkDialogElementForError should return error on bad number element" name="integration utils checkDialogElementForError should return error on bad number element" time="0">
    </testcase>
    <testcase classname="integration utils checkDialogElementForError should return null on good email element" name="integration utils checkDialogElementForError should return null on good email element" time="0">
    </testcase>
    <testcase classname="integration utils checkDialogElementForError should return error on bad email element" name="integration utils checkDialogElementForError should return error on bad email element" time="0.001">
    </testcase>
    <testcase classname="integration utils checkDialogElementForError should return null on good url element" name="integration utils checkDialogElementForError should return null on good url element" time="0">
    </testcase>
    <testcase classname="integration utils checkDialogElementForError should return error on bad url element" name="integration utils checkDialogElementForError should return error on bad url element" time="0">
    </testcase>
    <testcase classname="integration utils checkIfErrorsMatchElements should pass as returned error matches an element" name="integration utils checkIfErrorsMatchElements should pass as returned error matches an element" time="0.001">
    </testcase>
    <testcase classname="integration utils checkIfErrorsMatchElements should fail as returned errors do not match an element" name="integration utils checkIfErrorsMatchElements should fail as returned errors do not match an element" time="0">
    </testcase>
  </testsuite>
  <testsuite name="EmojiUtils" errors="0" failures="0" skipped="0" timestamp="2019-06-30T09:59:50" time="0.123" tests="6">
    <testcase classname="EmojiUtils parseNeededCustomEmojisFromText no emojis" name="EmojiUtils parseNeededCustomEmojisFromText no emojis" time="0.001">
    </testcase>
    <testcase classname="EmojiUtils parseNeededCustomEmojisFromText some emojis" name="EmojiUtils parseNeededCustomEmojisFromText some emojis" time="0">
    </testcase>
    <testcase classname="EmojiUtils parseNeededCustomEmojisFromText text surrounding emojis" name="EmojiUtils parseNeededCustomEmojisFromText text surrounding emojis" time="0">
    </testcase>
    <testcase classname="EmojiUtils parseNeededCustomEmojisFromText system emojis" name="EmojiUtils parseNeededCustomEmojisFromText system emojis" time="0.001">
    </testcase>
    <testcase classname="EmojiUtils parseNeededCustomEmojisFromText custom emojis" name="EmojiUtils parseNeededCustomEmojisFromText custom emojis" time="0">
    </testcase>
    <testcase classname="EmojiUtils parseNeededCustomEmojisFromText emojis that we&apos;ve already tried to load" name="EmojiUtils parseNeededCustomEmojisFromText emojis that we&apos;ve already tried to load" time="0.001">
    </testcase>
  </testsuite>
  <testsuite name="Selectors.Schemes" errors="0" failures="0" skipped="0" timestamp="2019-06-30T09:59:50" time="0.129" tests="6">
    <testcase classname="Selectors.Schemes getSchemes" name="Selectors.Schemes getSchemes" time="0.001">
    </testcase>
    <testcase classname="Selectors.Schemes getScheme" name="Selectors.Schemes getScheme" time="0.001">
    </testcase>
    <testcase classname="Selectors.Schemes makeGetSchemeChannels" name="Selectors.Schemes makeGetSchemeChannels" time="0">
    </testcase>
    <testcase classname="Selectors.Schemes makeGetSchemeChannels with team scope scheme" name="Selectors.Schemes makeGetSchemeChannels with team scope scheme" time="0.002">
    </testcase>
    <testcase classname="Selectors.Schemes makeGetSchemeTeams" name="Selectors.Schemes makeGetSchemeTeams" time="0.001">
    </testcase>
    <testcase classname="Selectors.Schemes getSchemeTeams with channel scope scheme" name="Selectors.Schemes getSchemeTeams with channel scope scheme" time="0.001">
    </testcase>
  </testsuite>
  <testsuite name="Client4" errors="0" failures="0" skipped="0" timestamp="2019-06-30T09:59:50" time="0.088" tests="2">
    <testcase classname="Client4 doFetchWithResponse serverVersion should be set from response header" name="Client4 doFetchWithResponse serverVersion should be set from response header" time="0.006">
    </testcase>
    <testcase classname="ClientError standard fields should be enumerable" name="ClientError standard fields should be enumerable" time="0.001">
    </testcase>
  </testsuite>
  <testsuite name="Selectors.Integrations" errors="0" failures="0" skipped="0" timestamp="2019-06-30T09:59:50" time="0.088" tests="3">
    <testcase classname="Selectors.Integrations should return outgoing hooks in current team" name="Selectors.Integrations should return outgoing hooks in current team" time="0">
    </testcase>
    <testcase classname="Selectors.Integrations should get all commands" name="Selectors.Integrations should get all commands" time="0.001">
    </testcase>
    <testcase classname="Selectors.Integrations should get all autocomplete commands by teamId" name="Selectors.Integrations should get all autocomplete commands by teamId" time="0">
    </testcase>
  </testsuite>
  <testsuite name="user utils" errors="0" failures="0" skipped="0" timestamp="2019-06-30T09:59:50" time="0.07" tests="1">
    <testcase classname="user utils should return username" name="user utils should return username" time="0">
    </testcase>
  </testsuite>
  <testsuite name="ThemeUtils" errors="0" failures="0" skipped="0" timestamp="2019-06-30T09:59:50" time="0.072" tests="8">
    <testcase classname="ThemeUtils getComponents hex color" name="ThemeUtils getComponents hex color" time="0.001">
    </testcase>
    <testcase classname="ThemeUtils getComponents 3 digit hex color" name="ThemeUtils getComponents 3 digit hex color" time="0">
    </testcase>
    <testcase classname="ThemeUtils getComponents hex color with leading number sign" name="ThemeUtils getComponents hex color with leading number sign" time="0">
    </testcase>
    <testcase classname="ThemeUtils getComponents rgb" name="ThemeUtils getComponents rgb" time="0.001">
    </testcase>
    <testcase classname="ThemeUtils getComponents rgba" name="ThemeUtils getComponents rgba" time="0">
    </testcase>
    <testcase classname="ThemeUtils changeOpacity hex color" name="ThemeUtils changeOpacity hex color" time="0.001">
    </testcase>
    <testcase classname="ThemeUtils changeOpacity rgb" name="ThemeUtils changeOpacity rgb" time="0">
    </testcase>
    <testcase classname="ThemeUtils changeOpacity rgba" name="ThemeUtils changeOpacity rgba" time="0">
    </testcase>
  </testsuite>
  <testsuite name="Selectors.I18n" errors="0" failures="0" skipped="0" timestamp="2019-06-30T09:59:50" time="0.075" tests="4">
    <testcase classname="Selectors.I18n getCurrentUserLocale not logged in" name="Selectors.I18n getCurrentUserLocale not logged in" time="0">
    </testcase>
    <testcase classname="Selectors.I18n getCurrentUserLocale current user not loaded" name="Selectors.I18n getCurrentUserLocale current user not loaded" time="0.001">
    </testcase>
    <testcase classname="Selectors.I18n getCurrentUserLocale current user without locale set" name="Selectors.I18n getCurrentUserLocale current user without locale set" time="0">
    </testcase>
    <testcase classname="Selectors.I18n getCurrentUserLocale current user with locale set" name="Selectors.I18n getCurrentUserLocale current user with locale set" time="0">
    </testcase>
  </testsuite>
  <testsuite name="Actions.Errors" errors="0" failures="0" skipped="0" timestamp="2019-06-30T09:59:51" time="0.111" tests="1">
    <testcase classname="Actions.Errors logError should hit /logs endpoint, unless server error" name="Actions.Errors logError should hit /logs endpoint, unless server error" time="0.01">
    </testcase>
  </testsuite>
  <testsuite name="Actions.Alerts" errors="0" failures="0" skipped="0" timestamp="2019-06-30T09:59:51" time="0.112" tests="1">
    <testcase classname="Actions.Alerts push and clear alerts" name="Actions.Alerts push and clear alerts" time="0.006">
    </testcase>
  </testsuite>
  <testsuite name="Selectors.Alerts" errors="0" failures="0" skipped="0" timestamp="2019-06-30T09:59:51" time="0.073" tests="5">
    <testcase classname="Selectors.Alerts should return all alerts" name="Selectors.Alerts should return all alerts" time="0.001">
    </testcase>
    <testcase classname="Selectors.Alerts should return latest alert" name="Selectors.Alerts should return latest alert" time="0">
    </testcase>
    <testcase classname="Selectors.Alerts should return latest notification alert" name="Selectors.Alerts should return latest notification alert" time="0.001">
    </testcase>
    <testcase classname="Selectors.Alerts should return latest developer alert" name="Selectors.Alerts should return latest developer alert" time="0.001">
    </testcase>
    <testcase classname="Selectors.Alerts should return latest error alert" name="Selectors.Alerts should return latest error alert" time="0">
    </testcase>
  </testsuite>
  <testsuite name="utils/sentry" errors="0" failures="0" skipped="0" timestamp="2019-06-30T09:59:51" time="0.058" tests="4">
    <testcase classname="utils/sentry cleanUrlForLogging should remove server URL" name="utils/sentry cleanUrlForLogging should remove server URL" time="0.001">
    </testcase>
    <testcase classname="utils/sentry cleanUrlForLogging should filter user IDs" name="utils/sentry cleanUrlForLogging should filter user IDs" time="0">
    </testcase>
    <testcase classname="utils/sentry cleanUrlForLogging should filter email addresses" name="utils/sentry cleanUrlForLogging should filter email addresses" time="0.001">
    </testcase>
    <testcase classname="utils/sentry cleanUrlForLogging should filter query parameters" name="utils/sentry cleanUrlForLogging should filter query parameters" time="0">
    </testcase>
  </testsuite>
  <testsuite name="Selectors.Integrations" errors="0" failures="0" skipped="0" timestamp="2019-06-30T09:59:51" time="0.068" tests="1">
    <testcase classname="Selectors.Integrations should get sorted emoji ids" name="Selectors.Integrations should get sorted emoji ids" time="0.001">
    </testcase>
  </testsuite>
  <testsuite name="Sanity test" errors="0" failures="0" skipped="0" timestamp="2019-06-30T09:59:51" time="0.529" tests="3">
    <testcase classname="Sanity test Promise" name="Sanity test Promise" time="0">
    </testcase>
    <testcase classname="Sanity test async/await" name="Sanity test async/await" time="0.001">
    </testcase>
    <testcase classname="Sanity test fetch" name="Sanity test fetch" time="0.485">
    </testcase>
  </testsuite>
  <testsuite name="ReducerRegistry" errors="0" failures="0" skipped="0" timestamp="2019-06-30T09:59:52" time="0.09" tests="2">
    <testcase classname="ReducerRegistry register reducer" name="ReducerRegistry register reducer" time="0.005">
    </testcase>
    <testcase classname="ReducerRegistry get reducers" name="ReducerRegistry get reducers" time="0.004">
    </testcase>
  </testsuite>
  <testsuite name="Selectors.Search" errors="0" failures="0" skipped="0" timestamp="2019-06-30T09:59:52" time="0.087" tests="1">
    <testcase classname="Selectors.Search should return current search for current team" name="Selectors.Search should return current search for current team" time="0.001">
    </testcase>
  </testsuite>
  <testsuite name="i18n utils" errors="0" failures="0" skipped="0" timestamp="2019-06-30T09:59:52" time="0.042" tests="2">
    <testcase classname="i18n utils should return default message" name="i18n utils should return default message" time="0.001">
    </testcase>
    <testcase classname="i18n utils should return previously set Localized function return value" name="i18n utils should return previously set Localized function return value" time="0">
    </testcase>
  </testsuite>
</testsuites>